<?xml version="1.0" encoding="UTF-8"?>
<!-- Generated by org.testng.reporters.JUnitReportReporter -->
<testsuite hostname="LD-4V2P3G2" name="com.rf.test.website.LSD.LSDCustomerTests" tests="1" failures="0" timestamp="3 Mar 2018 01:33:28 GMT" time="22.813" errors="0">
  <testcase name="testTotalNumberOfPCsThisMonth_3013q" time="22.813" classname="com.rf.test.website.LSD.LSDCustomerTests"/>
</testsuite> <!-- com.rf.test.website.LSD.LSDCustomerTests -->
